0 info it worked if it ends with ok
1 verbose cli [ '/usr/bin/node', '/usr/bin/npm', 'install', '-g', 'requirejs' ]
2 info using npm@2.14.9
3 info using node@v0.12.12
4 verbose node symlink /usr/bin/node
5 verbose install initial load of /usr/lib/package.json
6 verbose readDependencies loading dependencies from /usr/lib/package.json
7 silly cache add args [ 'requirejs', null ]
8 verbose cache add spec requirejs
9 silly cache add parsed spec { raw: 'requirejs',
9 silly cache add   scope: null,
9 silly cache add   name: 'requirejs',
9 silly cache add   rawSpec: '',
9 silly cache add   spec: '*',
9 silly cache add   type: 'range' }
10 silly addNamed requirejs@*
11 verbose addNamed "*" is a valid semver range for requirejs
12 silly addNameRange { name: 'requirejs', range: '*', hasData: false }
13 silly mapToRegistry name requirejs
14 silly mapToRegistry using default registry
15 silly mapToRegistry registry https://registry.npmjs.org/
16 silly mapToRegistry uri https://registry.npmjs.org/requirejs
17 verbose addNameRange registry:https://registry.npmjs.org/requirejs not in flight; fetching
18 verbose request uri https://registry.npmjs.org/requirejs
19 verbose request no auth needed
20 info attempt registry request try #1 at 10:37:42 AM
21 verbose request id eea0c7df34f8ce87
22 http request GET https://registry.npmjs.org/requirejs
23 http 200 https://registry.npmjs.org/requirejs
24 verbose headers { server: 'CouchDB/1.5.0 (Erlang OTP/R16B03)',
24 verbose headers   etag: '"2R3UYW5U029N7SJWK9O1Z63W"',
24 verbose headers   'content-type': 'application/json',
24 verbose headers   'cache-control': 'max-age=300',
24 verbose headers   'content-length': '45262',
24 verbose headers   'accept-ranges': 'bytes',
24 verbose headers   date: 'Wed, 27 Apr 2016 03:37:45 GMT',
24 verbose headers   via: '1.1 varnish',
24 verbose headers   age: '109',
24 verbose headers   connection: 'keep-alive',
24 verbose headers   'x-served-by': 'cache-sin6922-SIN',
24 verbose headers   'x-cache': 'HIT',
24 verbose headers   'x-cache-hits': '3',
24 verbose headers   'x-timer': 'S1461728265.004213,VS0,VE0',
24 verbose headers   vary: 'Accept-Encoding' }
25 silly get cb [ 200,
25 silly get   { server: 'CouchDB/1.5.0 (Erlang OTP/R16B03)',
25 silly get     etag: '"2R3UYW5U029N7SJWK9O1Z63W"',
25 silly get     'content-type': 'application/json',
25 silly get     'cache-control': 'max-age=300',
25 silly get     'content-length': '45262',
25 silly get     'accept-ranges': 'bytes',
25 silly get     date: 'Wed, 27 Apr 2016 03:37:45 GMT',
25 silly get     via: '1.1 varnish',
25 silly get     age: '109',
25 silly get     connection: 'keep-alive',
25 silly get     'x-served-by': 'cache-sin6922-SIN',
25 silly get     'x-cache': 'HIT',
25 silly get     'x-cache-hits': '3',
25 silly get     'x-timer': 'S1461728265.004213,VS0,VE0',
25 silly get     vary: 'Accept-Encoding' } ]
26 verbose get saving requirejs to /home/sion/.npm/registry.npmjs.org/requirejs/.cache.json
27 silly addNameRange number 2 { name: 'requirejs', range: '*', hasData: true }
28 silly addNameRange versions [ 'requirejs',
28 silly addNameRange   [ '0.26.0',
28 silly addNameRange     '0.27.0',
28 silly addNameRange     '0.27.1',
28 silly addNameRange     '1.0.0',
28 silly addNameRange     '1.0.1',
28 silly addNameRange     '1.0.2',
28 silly addNameRange     '1.0.3',
28 silly addNameRange     '1.0.4',
28 silly addNameRange     '1.0.5',
28 silly addNameRange     '1.0.6',
28 silly addNameRange     '1.0.7',
28 silly addNameRange     '1.0.8',
28 silly addNameRange     '2.0.0',
28 silly addNameRange     '2.0.1',
28 silly addNameRange     '2.0.2',
28 silly addNameRange     '2.0.3',
28 silly addNameRange     '2.0.4',
28 silly addNameRange     '2.0.5',
28 silly addNameRange     '2.0.6',
28 silly addNameRange     '2.1.0',
28 silly addNameRange     '2.1.1',
28 silly addNameRange     '2.1.2',
28 silly addNameRange     '2.1.3',
28 silly addNameRange     '2.1.4',
28 silly addNameRange     '2.1.5',
28 silly addNameRange     '2.1.6',
28 silly addNameRange     '2.1.7',
28 silly addNameRange     '2.1.8',
28 silly addNameRange     '2.1.9',
28 silly addNameRange     '2.1.10',
28 silly addNameRange     '2.1.11',
28 silly addNameRange     '2.1.12',
28 silly addNameRange     '2.1.13',
28 silly addNameRange     '2.1.14',
28 silly addNameRange     '2.1.15',
28 silly addNameRange     '2.1.16',
28 silly addNameRange     '2.1.17',
28 silly addNameRange     '2.1.18',
28 silly addNameRange     '2.1.19',
28 silly addNameRange     '2.1.20',
28 silly addNameRange     '2.1.21',
28 silly addNameRange     '2.1.22',
28 silly addNameRange     '2.2.0' ] ]
29 silly addNamed requirejs@2.2.0
30 verbose addNamed "2.2.0" is a plain semver version for requirejs
31 silly mapToRegistry name requirejs
32 silly mapToRegistry using default registry
33 silly mapToRegistry registry https://registry.npmjs.org/
34 silly mapToRegistry uri https://registry.npmjs.org/requirejs
35 verbose addRemoteTarball https://registry.npmjs.org/requirejs/-/requirejs-2.2.0.tgz not in flight; adding
36 verbose addRemoteTarball [ 'https://registry.npmjs.org/requirejs/-/requirejs-2.2.0.tgz',
36 verbose addRemoteTarball   '0f2b1538af2b8d0a4fffffde5d367aa9cd4cfe84' ]
37 info retry fetch attempt 1 at 10:37:45 AM
38 info attempt registry request try #1 at 10:37:45 AM
39 http fetch GET https://registry.npmjs.org/requirejs/-/requirejs-2.2.0.tgz
40 http fetch 200 https://registry.npmjs.org/requirejs/-/requirejs-2.2.0.tgz
41 silly fetchAndShaCheck shasum 0f2b1538af2b8d0a4fffffde5d367aa9cd4cfe84
42 verbose addTmpTarball /tmp/npm-15020-ad6b78c2/registry.npmjs.org/requirejs/-/requirejs-2.2.0.tgz not in flight; adding
43 verbose addTmpTarball already have metadata; skipping unpack for requirejs@2.2.0
44 silly cache afterAdd requirejs@2.2.0
45 verbose afterAdd /home/sion/.npm/requirejs/2.2.0/package/package.json not in flight; writing
46 verbose afterAdd /home/sion/.npm/requirejs/2.2.0/package/package.json written
47 silly install resolved [ { name: 'requirejs',
47 silly install resolved     description: 'Node adapter for RequireJS, for loading AMD modules. Includes RequireJS optimizer',
47 silly install resolved     version: '2.2.0',
47 silly install resolved     homepage: 'http://github.com/jrburke/r.js',
47 silly install resolved     author:
47 silly install resolved      { name: 'James Burke',
47 silly install resolved        email: 'jrburke@gmail.com',
47 silly install resolved        url: 'http://github.com/jrburke' },
47 silly install resolved     license: 'MIT',
47 silly install resolved     repository: { type: 'git', url: 'git+https://github.com/jrburke/r.js.git' },
47 silly install resolved     main: './bin/r.js',
47 silly install resolved     bin: { 'r.js': './bin/r.js', r_js: './bin/r.js' },
47 silly install resolved     engines: { node: '>=0.4.0' },
47 silly install resolved     bugs: { url: 'https://github.com/jrburke/r.js/issues' },
47 silly install resolved     _id: 'requirejs@2.2.0',
47 silly install resolved     scripts: {},
47 silly install resolved     _shasum: '0f2b1538af2b8d0a4fffffde5d367aa9cd4cfe84',
47 silly install resolved     _from: 'requirejs@*',
47 silly install resolved     _npmVersion: '2.14.12',
47 silly install resolved     _nodeVersion: '4.2.4',
47 silly install resolved     _npmUser: { name: 'jrburke', email: 'jrburke@gmail.com' },
47 silly install resolved     maintainers: [ [Object] ],
47 silly install resolved     dist:
47 silly install resolved      { shasum: '0f2b1538af2b8d0a4fffffde5d367aa9cd4cfe84',
47 silly install resolved        tarball: 'https://registry.npmjs.org/requirejs/-/requirejs-2.2.0.tgz' },
47 silly install resolved     _npmOperationalInternal:
47 silly install resolved      { host: 'packages-12-west.internal.npmjs.com',
47 silly install resolved        tmp: 'tmp/requirejs-2.2.0.tgz_1458241645466_0.5381889801938087' },
47 silly install resolved     directories: {},
47 silly install resolved     _resolved: 'https://registry.npmjs.org/requirejs/-/requirejs-2.2.0.tgz' } ]
48 info install requirejs@2.2.0 into /usr/lib
49 info installOne requirejs@2.2.0
50 verbose installOne of requirejs to /usr/lib not in flight; installing
51 verbose lock using /home/sion/.npm/_locks/requirejs-09ce2818ef25c3a8.lock for /usr/lib/node_modules/requirejs
52 silly install write writing requirejs 2.2.0 to /usr/lib/node_modules/requirejs
53 verbose unbuild lib/node_modules/requirejs
54 silly gentlyRm /usr/lib/node_modules/requirejs is being purged from base /usr
55 verbose gentlyRm don't care about contents; nuking /usr/lib/node_modules/requirejs
56 verbose tar unpack /home/sion/.npm/requirejs/2.2.0/package.tgz
57 verbose tar unpacking to /usr/lib/node_modules/requirejs
58 silly gentlyRm /usr/lib/node_modules/requirejs is being purged
59 verbose gentlyRm don't care about contents; nuking /usr/lib/node_modules/requirejs
60 silly gunzTarPerm modes [ '775', '664' ]
61 error tar.unpack untar error /home/sion/.npm/requirejs/2.2.0/package.tgz
62 verbose unlock done using /home/sion/.npm/_locks/requirejs-09ce2818ef25c3a8.lock for /usr/lib/node_modules/requirejs
63 verbose fstream_path /usr/lib/node_modules/requirejs
64 verbose fstream_type Directory
65 verbose fstream_class DirWriter
66 verbose stack Error: EACCES, mkdir '/usr/lib/node_modules/requirejs'
66 verbose stack     at Error (native)
67 verbose fstream_stack /usr/lib/node_modules/npm/node_modules/fstream/lib/dir-writer.js:35:25
67 verbose fstream_stack /usr/lib/node_modules/npm/node_modules/mkdirp/index.js:47:53
67 verbose fstream_stack FSReqWrap.oncomplete (fs.js:95:15)
68 verbose cwd /home/sion/projects/Flashcard
69 error Linux 3.13.0-83-generic
70 error argv "/usr/bin/node" "/usr/bin/npm" "install" "-g" "requirejs"
71 error node v0.12.12
72 error npm  v2.14.9
73 error path /usr/lib/node_modules/requirejs
74 error code EACCES
75 error errno -13
76 error Error: EACCES, mkdir '/usr/lib/node_modules/requirejs'
76 error     at Error (native)
76 error  { [Error: EACCES, mkdir '/usr/lib/node_modules/requirejs']
76 error   errno: -13,
76 error   code: 'EACCES',
76 error   path: '/usr/lib/node_modules/requirejs',
76 error   fstream_type: 'Directory',
76 error   fstream_path: '/usr/lib/node_modules/requirejs',
76 error   fstream_class: 'DirWriter',
76 error   fstream_stack:
76 error    [ '/usr/lib/node_modules/npm/node_modules/fstream/lib/dir-writer.js:35:25',
76 error      '/usr/lib/node_modules/npm/node_modules/mkdirp/index.js:47:53',
76 error      'FSReqWrap.oncomplete (fs.js:95:15)' ] }
77 error Please try running this command again as root/Administrator.
78 verbose exit [ -13, true ]
79 verbose unbuild lib/node_modules/requirejs
80 silly gentlyRm /usr/lib/node_modules/requirejs is being purged from base /usr
81 verbose gentlyRm don't care about contents; nuking /usr/lib/node_modules/requirejs
